Running pre-build script: /Users/chenlingchao/test/starts/starts-plugin/target/it/no-parents-or-siblings-it/setup.groovy
Finished pre-build script: /Users/chenlingchao/test/starts/starts-plugin/target/it/no-parents-or-siblings-it/setup.groovy
[INFO] Scanning for projects...
[INFO]                                                                         
[INFO] ------------------------------------------------------------------------
[INFO] Building no-parents-or-siblings-it 1.0-SNAPSHOT
[INFO] ------------------------------------------------------------------------
[INFO] 
[INFO] >>> starts-maven-plugin:1.4-SNAPSHOT:starts (touch) > [starts]test @ no-parents-or-siblings-it >>>
[INFO] 
[INFO] --- maven-resources-plugin:2.6:resources (default-resources) @ no-parents-or-siblings-it ---
[INFO] Using 'UTF-8' encoding to copy filtered resources.
[INFO] skip non existing resourceDirectory /Users/chenlingchao/test/starts/starts-plugin/target/it/no-parents-or-siblings-it/src/main/resources
[INFO] 
[INFO] --- maven-compiler-plugin:3.1:compile (default-compile) @ no-parents-or-siblings-it ---
[INFO] Changes detected - recompiling the module!
[INFO] Compiling 3 source files to /Users/chenlingchao/test/starts/starts-plugin/target/it/no-parents-or-siblings-it/target/classes
[WARNING] /Users/chenlingchao/test/starts/starts-plugin/target/it/no-parents-or-siblings-it/src/main/java/base/Base.java: Some input files use unchecked or unsafe operations.
[WARNING] /Users/chenlingchao/test/starts/starts-plugin/target/it/no-parents-or-siblings-it/src/main/java/base/Base.java: Recompile with -Xlint:unchecked for details.
[INFO] 
[INFO] --- maven-resources-plugin:2.6:testResources (default-testResources) @ no-parents-or-siblings-it ---
[INFO] Using 'UTF-8' encoding to copy filtered resources.
[INFO] skip non existing resourceDirectory /Users/chenlingchao/test/starts/starts-plugin/target/it/no-parents-or-siblings-it/src/test/resources
[INFO] 
[INFO] --- maven-compiler-plugin:3.1:testCompile (default-testCompile) @ no-parents-or-siblings-it ---
[INFO] Changes detected - recompiling the module!
[INFO] Compiling 3 source files to /Users/chenlingchao/test/starts/starts-plugin/target/it/no-parents-or-siblings-it/target/test-classes
[WARNING] /Users/chenlingchao/test/starts/starts-plugin/target/it/no-parents-or-siblings-it/src/test/java/base/SiblingTest.java: Some input files use unchecked or unsafe operations.
[WARNING] /Users/chenlingchao/test/starts/starts-plugin/target/it/no-parents-or-siblings-it/src/test/java/base/SiblingTest.java: Recompile with -Xlint:unchecked for details.
[INFO] 
[INFO] >>> starts-maven-plugin:1.4-SNAPSHOT:run (touch) > test-compile @ no-parents-or-siblings-it >>>
[INFO] 
[INFO] --- maven-resources-plugin:2.6:resources (default-resources) @ no-parents-or-siblings-it ---
[INFO] Using 'UTF-8' encoding to copy filtered resources.
[INFO] skip non existing resourceDirectory /Users/chenlingchao/test/starts/starts-plugin/target/it/no-parents-or-siblings-it/src/main/resources
[INFO] 
[INFO] --- maven-compiler-plugin:3.1:compile (default-compile) @ no-parents-or-siblings-it ---
[INFO] Nothing to compile - all classes are up to date
[INFO] 
[INFO] --- maven-resources-plugin:2.6:testResources (default-testResources) @ no-parents-or-siblings-it ---
[INFO] Using 'UTF-8' encoding to copy filtered resources.
[INFO] skip non existing resourceDirectory /Users/chenlingchao/test/starts/starts-plugin/target/it/no-parents-or-siblings-it/src/test/resources
[INFO] 
[INFO] --- maven-compiler-plugin:3.1:testCompile (default-testCompile) @ no-parents-or-siblings-it ---
[INFO] Nothing to compile - all classes are up to date
[INFO] 
[INFO] <<< starts-maven-plugin:1.4-SNAPSHOT:run (touch) < test-compile @ no-parents-or-siblings-it <<<
[INFO] 
[INFO] --- starts-maven-plugin:1.4-SNAPSHOT:run (touch) @ no-parents-or-siblings-it ---
3
INFO: ALL(count): 6
INFO: UNREACHED(count): 0
INFO: STARTS:Nodes: 456
INFO: STARTS:Edges: 2928
8
affectedtests_num:8
[base.ChildTest, base.SiblingTest, base.BaseTest]
objc[76553]: Class JavaLaunchHelper is implemented in both /Library/Java/JavaVirtualMachines/jdk1.8.0_131.jdk/Contents/Home/bin/java (0x1096ca4c0) and /Library/Java/JavaVirtualMachines/jdk1.8.0_131.jdk/Contents/Home/jre/lib/libinstrument.dylib (0x10f9c94e0). One of the two will be used. Which one is undefined.
INFO: ALL(count): 6
INFO: UNREACHED(count): 0
INFO: STARTS:Nodes: 456
INFO: STARTS:Edges: 2928
INFO: STARTS:AffectedTests: 3
INFO: STARTS:TotalTests: 3
[INFO] 
[INFO] --- maven-surefire-plugin:2.19.1:test (default-test) @ no-parents-or-siblings-it ---
[INFO] 
[INFO] <<< starts-maven-plugin:1.4-SNAPSHOT:starts (touch) < [starts]test @ no-parents-or-siblings-it <<<
[INFO] 
[INFO] --- starts-maven-plugin:1.4-SNAPSHOT:starts (touch) @ no-parents-or-siblings-it ---
[INFO] 
[INFO] --- maven-resources-plugin:2.6:resources (default-resources) @ no-parents-or-siblings-it ---
[INFO] Using 'UTF-8' encoding to copy filtered resources.
[INFO] skip non existing resourceDirectory /Users/chenlingchao/test/starts/starts-plugin/target/it/no-parents-or-siblings-it/src/main/resources
[INFO] 
[INFO] --- maven-compiler-plugin:3.1:compile (default-compile) @ no-parents-or-siblings-it ---
[INFO] Nothing to compile - all classes are up to date
[INFO] 
[INFO] --- maven-resources-plugin:2.6:testResources (default-testResources) @ no-parents-or-siblings-it ---
[INFO] Using 'UTF-8' encoding to copy filtered resources.
[INFO] skip non existing resourceDirectory /Users/chenlingchao/test/starts/starts-plugin/target/it/no-parents-or-siblings-it/src/test/resources
[INFO] 
[INFO] --- maven-compiler-plugin:3.1:testCompile (default-testCompile) @ no-parents-or-siblings-it ---
[INFO] Nothing to compile - all classes are up to date
[INFO] 
[INFO] --- maven-surefire-plugin:2.19.1:test (default-test) @ no-parents-or-siblings-it ---
[INFO] Skipping execution of surefire because it has already been run for this configuration
[INFO] 
[INFO] --- maven-jar-plugin:2.4:jar (default-jar) @ no-parents-or-siblings-it ---
[INFO] Building jar: /Users/chenlingchao/test/starts/starts-plugin/target/it/no-parents-or-siblings-it/target/no-parents-or-siblings-it-1.0-SNAPSHOT.jar
[INFO] ------------------------------------------------------------------------
[INFO] BUILD SUCCESS
[INFO] ------------------------------------------------------------------------
[INFO] Total time: 3.919 s
[INFO] Finished at: 2018-03-27T20:46:47-05:00
[INFO] Final Memory: 25M/388M
[INFO] ------------------------------------------------------------------------
Running post-build script: /Users/chenlingchao/test/starts/starts-plugin/target/it/no-parents-or-siblings-it/verify.groovy
Finished post-build script: /Users/chenlingchao/test/starts/starts-plugin/target/it/no-parents-or-siblings-it/verify.groovy
