Running pre-build script: /Users/chenlingchao/PycharmProjects/information/starts/starts-plugin/target/it/missing-reflection-it/setup.groovy
Finished pre-build script: /Users/chenlingchao/PycharmProjects/information/starts/starts-plugin/target/it/missing-reflection-it/setup.groovy
[INFO] Scanning for projects...
[INFO]                                                                         
[INFO] ------------------------------------------------------------------------
[INFO] Building missing-reflection-it 1.0-SNAPSHOT
[INFO] ------------------------------------------------------------------------
[INFO] 
[INFO] >>> starts-maven-plugin:1.4-SNAPSHOT:starts (touch) > [starts]test @ missing-reflection-it >>>
[INFO] 
[INFO] --- maven-resources-plugin:2.6:resources (default-resources) @ missing-reflection-it ---
[INFO] Using 'UTF-8' encoding to copy filtered resources.
[INFO] skip non existing resourceDirectory /Users/chenlingchao/PycharmProjects/information/starts/starts-plugin/target/it/missing-reflection-it/src/main/resources
[INFO] 
[INFO] --- maven-compiler-plugin:3.1:compile (default-compile) @ missing-reflection-it ---
[INFO] Changes detected - recompiling the module!
[INFO] Compiling 1 source file to /Users/chenlingchao/PycharmProjects/information/starts/starts-plugin/target/it/missing-reflection-it/target/classes
[INFO] 
[INFO] --- maven-resources-plugin:2.6:testResources (default-testResources) @ missing-reflection-it ---
[INFO] Using 'UTF-8' encoding to copy filtered resources.
[INFO] skip non existing resourceDirectory /Users/chenlingchao/PycharmProjects/information/starts/starts-plugin/target/it/missing-reflection-it/src/test/resources
[INFO] 
[INFO] --- maven-compiler-plugin:3.1:testCompile (default-testCompile) @ missing-reflection-it ---
[INFO] Changes detected - recompiling the module!
[INFO] Compiling 1 source file to /Users/chenlingchao/PycharmProjects/information/starts/starts-plugin/target/it/missing-reflection-it/target/test-classes
[INFO] 
[INFO] >>> starts-maven-plugin:1.4-SNAPSHOT:run (touch) > test-compile @ missing-reflection-it >>>
[INFO] 
[INFO] --- maven-resources-plugin:2.6:resources (default-resources) @ missing-reflection-it ---
[INFO] Using 'UTF-8' encoding to copy filtered resources.
[INFO] skip non existing resourceDirectory /Users/chenlingchao/PycharmProjects/information/starts/starts-plugin/target/it/missing-reflection-it/src/main/resources
[INFO] 
[INFO] --- maven-compiler-plugin:3.1:compile (default-compile) @ missing-reflection-it ---
[INFO] Nothing to compile - all classes are up to date
[INFO] 
[INFO] --- maven-resources-plugin:2.6:testResources (default-testResources) @ missing-reflection-it ---
[INFO] Using 'UTF-8' encoding to copy filtered resources.
[INFO] skip non existing resourceDirectory /Users/chenlingchao/PycharmProjects/information/starts/starts-plugin/target/it/missing-reflection-it/src/test/resources
[INFO] 
[INFO] --- maven-compiler-plugin:3.1:testCompile (default-testCompile) @ missing-reflection-it ---
[INFO] Nothing to compile - all classes are up to date
[INFO] 
[INFO] <<< starts-maven-plugin:1.4-SNAPSHOT:run (touch) < test-compile @ missing-reflection-it <<<
[INFO] 
[INFO] --- starts-maven-plugin:1.4-SNAPSHOT:run (touch) @ missing-reflection-it ---
objc[5044]: Class JavaLaunchHelper is implemented in both /Library/Java/JavaVirtualMachines/jdk1.8.0_131.jdk/Contents/Home/bin/java (0x109efd4c0) and /Library/Java/JavaVirtualMachines/jdk1.8.0_131.jdk/Contents/Home/jre/lib/libinstrument.dylib (0x11815d4e0). One of the two will be used. Which one is undefined.
1111111111111INFO: ALL(count): 3
INFO: UNREACHED(count): 2
INFO: STARTS:Nodes: 453
INFO: STARTS:Edges: 2903
INFO: STARTS:AffectedTests: 1
INFO: STARTS:TotalTests: 1
[INFO] 
[INFO] --- maven-surefire-plugin:2.19.1:test (default-test) @ missing-reflection-it ---

-------------------------------------------------------
 T E S T S
-------------------------------------------------------
Running base.SimpleTest
Tests run: 1, Failures: 0, Errors: 0, Skipped: 0, Time elapsed: 0.098 sec - in base.SimpleTest

Results :

Tests run: 1, Failures: 0, Errors: 0, Skipped: 0

[INFO] 
[INFO] <<< starts-maven-plugin:1.4-SNAPSHOT:starts (touch) < [starts]test @ missing-reflection-it <<<
[INFO] 
[INFO] --- starts-maven-plugin:1.4-SNAPSHOT:starts (touch) @ missing-reflection-it ---
[INFO] 
[INFO] --- maven-resources-plugin:2.6:resources (default-resources) @ missing-reflection-it ---
[INFO] Using 'UTF-8' encoding to copy filtered resources.
[INFO] skip non existing resourceDirectory /Users/chenlingchao/PycharmProjects/information/starts/starts-plugin/target/it/missing-reflection-it/src/main/resources
[INFO] 
[INFO] --- maven-compiler-plugin:3.1:compile (default-compile) @ missing-reflection-it ---
[INFO] Nothing to compile - all classes are up to date
[INFO] 
[INFO] --- maven-resources-plugin:2.6:testResources (default-testResources) @ missing-reflection-it ---
[INFO] Using 'UTF-8' encoding to copy filtered resources.
[INFO] skip non existing resourceDirectory /Users/chenlingchao/PycharmProjects/information/starts/starts-plugin/target/it/missing-reflection-it/src/test/resources
[INFO] 
[INFO] --- maven-compiler-plugin:3.1:testCompile (default-testCompile) @ missing-reflection-it ---
[INFO] Nothing to compile - all classes are up to date
[INFO] 
[INFO] --- maven-surefire-plugin:2.19.1:test (default-test) @ missing-reflection-it ---
[INFO] Skipping execution of surefire because it has already been run for this configuration
[INFO] 
[INFO] --- maven-jar-plugin:2.4:jar (default-jar) @ missing-reflection-it ---
[INFO] Building jar: /Users/chenlingchao/PycharmProjects/information/starts/starts-plugin/target/it/missing-reflection-it/target/missing-reflection-it-1.0-SNAPSHOT.jar
[INFO] ------------------------------------------------------------------------
[INFO] BUILD SUCCESS
[INFO] ------------------------------------------------------------------------
[INFO] Total time: 20.727 s
[INFO] Finished at: 2018-03-20T11:27:59-05:00
[INFO] Final Memory: 22M/289M
[INFO] ------------------------------------------------------------------------
Running post-build script: /Users/chenlingchao/PycharmProjects/information/starts/starts-plugin/target/it/missing-reflection-it/verify.groovy
Finished post-build script: /Users/chenlingchao/PycharmProjects/information/starts/starts-plugin/target/it/missing-reflection-it/verify.groovy
